        -:    0:Source:src/lab.c
        -:    0:Graph:build/tests/lab.c.gcno
        -:    0:Data:build/tests/lab.c.gcda
        -:    0:Runs:1
        -:    1:#include "lab.h"
        -:    2:#include <stdio.h>
        -:    3:#include <stdlib.h>
        -:    4:
        3:    5:char *get_greeting(const char *restrict name)
        -:    6:{
        3:    7:  if (name == NULL)
        -:    8:  {
        1:    9:    return NULL;
        -:   10:  }
        -:   11:
        -:   12:  // Allocate memory for the greeting message
        2:   13:  int length = snprintf(NULL, 0, "Hello, %s!", name);
        2:   14:  if (length < 0) // GCOVR_EXCL_START
        -:   15:  {
    #####:   16:    return NULL; // snprintf failed
        -:   17:  } // GCOVR_EXCL_STOP
        -:   18:
        -:   19:  //Casting is safe here because we know length is non-negative
        2:   20:  size_t alloc_size = (size_t) length + 1; // +1 for the null terminator
        2:   21:  char *greeting = malloc( alloc_size);
        -:   22:
        -:   23:
        2:   24:  if (greeting == NULL) // GCOVR_EXCL_START
        -:   25:  {
    #####:   26:    return NULL; // Memory allocation failed
        -:   27:  }  // GCOVR_EXCL_STOP
        -:   28:
        -:   29:
        -:   30:  // Create the greeting message
        2:   31:  snprintf(greeting, alloc_size, "Hello, %s!", name);
        -:   32:
        2:   33:  return greeting;
        -:   34:}
        -:   35:
        1:   36:int product(int a, int b)
        -:   37:{
        1:   38:    return a * b;
        -:   39:}
        -:   40:
        1:   41:int incorrect_sum(int a, int b)
        -:   42:{
        1:   43:    return a + b + 1;
        -:   44:}
